f:\vs code\code_first\c++\c++\x64\debug\c++.pch
f:\vs code\code_first\c++\c++\x64\debug\vc141.pdb
f:\vs code\code_first\c++\c++\x64\debug\vc141.idb
f:\vs code\code_first\c++\c++\x64\debug\pch.obj
f:\vs code\code_first\c++\c++\x64\debug\c++.obj
f:\不常用文件\boss_xie\c++\c++\x64\debug\c++.pch
f:\不常用文件\boss_xie\c++\c++\x64\debug\vc142.pdb
f:\不常用文件\boss_xie\c++\c++\x64\debug\vc142.idb
f:\不常用文件\boss_xie\c++\c++\x64\debug\pch.obj
f:\不常用文件\boss_xie\c++\c++\x64\debug\c++.obj
f:\vs code\code_first\c++\x64\debug\c++.exe
f:\vs code\code_first\c++\x64\debug\c++.ilk
f:\vs code\code_first\c++\x64\debug\c++.pdb
f:\不常用文件\boss_xie\c++\c++\x64\debug\vc141.idb
f:\不常用文件\boss_xie\c++\c++\x64\debug\vc141.pdb
f:\不常用文件\boss_xie\c++\x64\debug\c++.pdb
f:\不常用文件\boss_xie\c++\c++\x64\debug\c++.tlog\cl.command.1.tlog
f:\不常用文件\boss_xie\c++\c++\x64\debug\c++.tlog\cl.read.1.tlog
f:\不常用文件\boss_xie\c++\c++\x64\debug\c++.tlog\cl.write.1.tlog
f:\不常用文件\boss_xie\c++\c++\x64\debug\c++.tlog\link-cvtres.read.1.tlog
f:\不常用文件\boss_xie\c++\c++\x64\debug\c++.tlog\link-cvtres.write.1.tlog
f:\不常用文件\boss_xie\c++\c++\x64\debug\c++.tlog\link-rc.read.1.tlog
f:\不常用文件\boss_xie\c++\c++\x64\debug\c++.tlog\link-rc.write.1.tlog
f:\不常用文件\boss_xie\c++\c++\x64\debug\c++.tlog\link.command.1.tlog
f:\不常用文件\boss_xie\c++\c++\x64\debug\c++.tlog\link.read.1.tlog
f:\不常用文件\boss_xie\c++\c++\x64\debug\c++.tlog\link.write.1.tlog
